This is pdfTeX, Version 3.14159265-2.6-1.40.19 (TeX Live 2019/dev/Debian) (preloaded format=latex 2019.9.22)  22 SEP 2019 16:13
entering extended mode
 restricted \write18 enabled.
 %&-line parsing enabled.
**mathpazo
(/usr/share/texlive/texmf-dist/tex/latex/psnfss/mathpazo.sty
LaTeX2e <2018-12-01>

LaTeX Warning: You have requested package `',
               but the package provides `mathpazo'.

Package: mathpazo 2005/04/12 PSNFSS-v9.2a Palatino w/ Pazo Math (D.Puga, WaS) 

! LaTeX Error: Missing \begin{document}.

See the LaTeX manual or LaTeX Companion for explanation.
Type  H <return>  for immediate help.
 ...                                              
                                                  
l.27 \let\s@v
             ed@info\@font@info
? 
! Emergency stop.
 ...                                              
                                                  
l.27 \let\s@v
             ed@info\@font@info
You're in trouble here.  Try typing  <return>  to proceed.
If that doesn't work, type  X <return>  to quit.

 
Here is how much of TeX's memory you used:
 9 strings out of 494562
 427 string characters out of 6177480
 52224 words of memory out of 5000000
 3768 multiletter control sequences out of 15000+600000
 3640 words of font info for 14 fonts, out of 8000000 for 9000
 14 hyphenation exceptions out of 8191
 7i,0n,4p,69b,14s stack positions out of 5000i,500n,10000p,200000b,80000s
No pages of output.
